app/build/intermediates/manifest_merge_blame_file/release/processReleaseMainManifest/manifest-merger-blame-release-report.txt
1<?xml version="1.0" encoding="utf-8"?>
2<manifest xmlns:android="http://schemas.android.com/apk/res/android"
3    package="com.google.android.abdul.protube"
4    android:versionCode="2"
5    android:versionName="3.98" >
6
7    <uses-sdk
8        android:minSdkVersion="21"
9        android:targetSdkVersion="36" />
10
11    <uses-permission android:name="android.permission.INTERNET" />
11-->src\main\AndroidManifest.xml:4:2-63
11-->src\main\AndroidManifest.xml:4:19-61
12    <uses-permission android:name="android.permission.POST_NOTIFICATIONS" />
12-->src\main\AndroidManifest.xml:5:2-74
12-->src\main\AndroidManifest.xml:5:19-71
13    <uses-permission android:name="android.permission.RECORD_AUDIO" />
13-->src\main\AndroidManifest.xml:6:2-68
13-->src\main\AndroidManifest.xml:6:19-65
14    <uses-permission android:name="android.permission.MODIFY_AUDIO_SETTINGS" />
14-->src\main\AndroidManifest.xml:7:2-77
14-->src\main\AndroidManifest.xml:7:19-74
15    <uses-permission android:name="android.permission.WRITE_EXTERNAL_STORAGE" />
15-->src\main\AndroidManifest.xml:8:2-78
15-->src\main\AndroidManifest.xml:8:19-75
16    <uses-permission android:name="android.permission.FOREGROUND_SERVICE" />
16-->src\main\AndroidManifest.xml:9:2-74
16-->src\main\AndroidManifest.xml:9:19-71
17    <uses-permission android:name="android.permission.FOREGROUND_SERVICE_MEDIA_PLAYBACK" />
17-->src\main\AndroidManifest.xml:10:2-89
17-->src\main\AndroidManifest.xml:10:19-86
18    <uses-permission android:name="android.permission.ACCESS_NETWORK_STATE" />
18-->[com.unity3d.ads:unity-ads:4.12.2] AndroidManifest.xml:8:5-79
18-->[com.unity3d.ads:unity-ads:4.12.2] AndroidManifest.xml:8:22-76
19    <uses-permission android:name="com.google.android.gms.permission.AD_ID" />
19-->[com.unity3d.ads:unity-ads:4.12.2] AndroidManifest.xml:10:5-79
19-->[com.unity3d.ads:unity-ads:4.12.2] AndroidManifest.xml:10:22-76
20    <uses-permission android:name="android.permission.ACCESS_ADSERVICES_TOPICS" />
20-->[com.unity3d.ads:unity-ads:4.12.2] AndroidManifest.xml:11:5-83
20-->[com.unity3d.ads:unity-ads:4.12.2] AndroidManifest.xml:11:22-80
21    <uses-permission android:name="android.permission.ACCESS_ADSERVICES_ATTRIBUTION" />
21-->[com.unity3d.ads:unity-ads:4.12.2] AndroidManifest.xml:12:5-88
21-->[com.unity3d.ads:unity-ads:4.12.2] AndroidManifest.xml:12:22-85
22    <uses-permission android:name="android.permission.WAKE_LOCK" />
22-->[androidx.work:work-runtime:2.7.0] AndroidManifest.xml:25:5-68
22-->[androidx.work:work-runtime:2.7.0] AndroidManifest.xml:25:22-65
23    <uses-permission android:name="android.permission.RECEIVE_BOOT_COMPLETED" />
23-->[androidx.work:work-runtime:2.7.0] AndroidManifest.xml:27:5-81
23-->[androidx.work:work-runtime:2.7.0] AndroidManifest.xml:27:22-78
24
25    <permission
25-->[androidx.core:core:1.9.0] AndroidManifest.xml:22:5-24:47
26        android:name="com.google.android.abdul.protube.DYNAMIC_RECEIVER_NOT_EXPORTED_PERMISSION"
26-->[androidx.core:core:1.9.0] AndroidManifest.xml:23:9-81
27        android:protectionLevel="signature" />
27-->[androidx.core:core:1.9.0] AndroidManifest.xml:24:9-44
28
29    <uses-permission android:name="com.google.android.abdul.protube.DYNAMIC_RECEIVER_NOT_EXPORTED_PERMISSION" />
29-->[androidx.core:core:1.9.0] AndroidManifest.xml:26:5-97
29-->[androidx.core:core:1.9.0] AndroidManifest.xml:26:22-94
30
31    <application
31-->src\main\AndroidManifest.xml:11:2-79:16
32        android:allowBackup="true"
32-->src\main\AndroidManifest.xml:12:3-29
33        android:appComponentFactory="androidx.core.app.CoreComponentFactory"
33-->[androidx.core:core:1.9.0] AndroidManifest.xml:28:18-86
34        android:extractNativeLibs="true"
35        android:icon="@mipmap/app_icon"
35-->src\main\AndroidManifest.xml:14:3-34
36        android:label="@string/app_name"
36-->src\main\AndroidManifest.xml:13:3-35
37        android:largeHeap="true"
37-->src\main\AndroidManifest.xml:16:3-27
38        android:roundIcon="@mipmap/app_icon"
38-->src\main\AndroidManifest.xml:15:3-39
39        android:theme="@style/AppTheme"
39-->src\main\AndroidManifest.xml:18:3-34
40        android:usesCleartextTraffic="true" >
40-->src\main\AndroidManifest.xml:17:3-38
41        <activity
41-->src\main\AndroidManifest.xml:19:3-46:14
42            android:name="com.google.android.abdul.protube.MainActivity"
42-->src\main\AndroidManifest.xml:20:4-32
43            android:configChanges="orientation|screenSize|keyboardHidden|smallestScreenSize|screenLayout"
43-->src\main\AndroidManifest.xml:21:4-97
44            android:exported="true"
44-->src\main\AndroidManifest.xml:25:25-48
45            android:hardwareAccelerated="true"
45-->src\main\AndroidManifest.xml:22:4-38
46            android:screenOrientation="unspecified"
46-->src\main\AndroidManifest.xml:26:4-43
47            android:supportsPictureInPicture="true"
47-->src\main\AndroidManifest.xml:23:4-43
48            android:theme="@style/AppTheme" >
48-->src\main\AndroidManifest.xml:24:11-42
49            <intent-filter>
49-->src\main\AndroidManifest.xml:27:4-30:20
50                <action android:name="android.intent.action.MAIN" />
50-->src\main\AndroidManifest.xml:28:5-56
50-->src\main\AndroidManifest.xml:28:13-54
51
52                <category android:name="android.intent.category.LAUNCHER" />
52-->src\main\AndroidManifest.xml:29:5-64
52-->src\main\AndroidManifest.xml:29:15-62
53            </intent-filter>
54            <intent-filter>
54-->src\main\AndroidManifest.xml:31:4-40:20
55                <action android:name="android.intent.action.VIEW" />
55-->src\main\AndroidManifest.xml:32:5-57
55-->src\main\AndroidManifest.xml:32:13-54
56
57                <category android:name="android.intent.category.DEFAULT" />
57-->src\main\AndroidManifest.xml:33:5-64
57-->src\main\AndroidManifest.xml:33:15-61
58                <category android:name="android.intent.category.BROWSABLE" />
58-->src\main\AndroidManifest.xml:34:5-66
58-->src\main\AndroidManifest.xml:34:15-63
59
60                <data android:scheme="http" />
60-->src\main\AndroidManifest.xml:35:5-35
60-->src\main\AndroidManifest.xml:35:11-32
61                <data android:scheme="https" />
61-->src\main\AndroidManifest.xml:35:5-35
61-->src\main\AndroidManifest.xml:35:11-32
62                <data android:host="youtube.com" />
62-->src\main\AndroidManifest.xml:35:5-35
62-->src\main\AndroidManifest.xml:37:11-37
63                <data android:host="*.youtube.com" />
63-->src\main\AndroidManifest.xml:35:5-35
63-->src\main\AndroidManifest.xml:37:11-37
64                <data android:host="youtu.be" />
64-->src\main\AndroidManifest.xml:35:5-35
64-->src\main\AndroidManifest.xml:37:11-37
65            </intent-filter>
66            <intent-filter>
66-->src\main\AndroidManifest.xml:41:4-45:20
67                <action android:name="android.intent.action.SEND" />
67-->src\main\AndroidManifest.xml:42:5-57
67-->src\main\AndroidManifest.xml:42:13-54
68
69                <category android:name="android.intent.category.DEFAULT" />
69-->src\main\AndroidManifest.xml:33:5-64
69-->src\main\AndroidManifest.xml:33:15-61
70
71                <data android:mimeType="text/plain" />
71-->src\main\AndroidManifest.xml:35:5-35
71-->src\main\AndroidManifest.xml:44:11-40
72            </intent-filter>
73        </activity>
74        <activity
74-->src\main\AndroidManifest.xml:47:3-70:14
75            android:name="com.google.android.abdul.protube.DownloadFromIntentFilter"
75-->src\main\AndroidManifest.xml:48:4-44
76            android:configChanges="orientation|screenSize|keyboardHidden|smallestScreenSize|screenLayout"
76-->src\main\AndroidManifest.xml:49:4-97
77            android:exported="true"
77-->src\main\AndroidManifest.xml:53:4-27
78            android:hardwareAccelerated="true"
78-->src\main\AndroidManifest.xml:50:4-38
79            android:screenOrientation="unspecified"
79-->src\main\AndroidManifest.xml:54:4-43
80            android:supportsPictureInPicture="true"
80-->src\main\AndroidManifest.xml:51:4-43
81            android:theme="@style/AppTheme" >
81-->src\main\AndroidManifest.xml:52:4-35
82            <intent-filter android:label="@string/dl" >
82-->src\main\AndroidManifest.xml:31:4-40:20
82-->src\main\AndroidManifest.xml:55:19-45
83                <action android:name="android.intent.action.VIEW" />
83-->src\main\AndroidManifest.xml:32:5-57
83-->src\main\AndroidManifest.xml:32:13-54
84
85                <category android:name="android.intent.category.DEFAULT" />
85-->src\main\AndroidManifest.xml:33:5-64
85-->src\main\AndroidManifest.xml:33:15-61
86                <category android:name="android.intent.category.BROWSABLE" />
86-->src\main\AndroidManifest.xml:34:5-66
86-->src\main\AndroidManifest.xml:34:15-63
87
88                <data android:scheme="http" />
88-->src\main\AndroidManifest.xml:35:5-35
88-->src\main\AndroidManifest.xml:35:11-32
89                <data android:scheme="https" />
89-->src\main\AndroidManifest.xml:35:5-35
89-->src\main\AndroidManifest.xml:35:11-32
90                <data android:host="youtube.com" />
90-->src\main\AndroidManifest.xml:35:5-35
90-->src\main\AndroidManifest.xml:37:11-37
91                <data android:host="*.youtube.com" />
91-->src\main\AndroidManifest.xml:35:5-35
91-->src\main\AndroidManifest.xml:37:11-37
92                <data android:host="youtu.be" />
92-->src\main\AndroidManifest.xml:35:5-35
92-->src\main\AndroidManifest.xml:37:11-37
93            </intent-filter>
94            <intent-filter android:label="@string/dl" >
94-->src\main\AndroidManifest.xml:41:4-45:20
94-->src\main\AndroidManifest.xml:65:19-45
95                <action android:name="android.intent.action.SEND" />
95-->src\main\AndroidManifest.xml:42:5-57
95-->src\main\AndroidManifest.xml:42:13-54
96
97                <category android:name="android.intent.category.DEFAULT" />
97-->src\main\AndroidManifest.xml:33:5-64
97-->src\main\AndroidManifest.xml:33:15-61
98
99                <data android:mimeType="text/plain" />
99-->src\main\AndroidManifest.xml:35:5-35
99-->src\main\AndroidManifest.xml:44:11-40
100            </intent-filter>
101        </activity>
102
103        <service
103-->src\main\AndroidManifest.xml:71:3-76:6
104            android:name="com.google.android.abdul.protube.ForegroundService"
104-->src\main\AndroidManifest.xml:72:4-37
105            android:enabled="true"
105-->src\main\AndroidManifest.xml:73:4-26
106            android:exported="true"
106-->src\main\AndroidManifest.xml:74:4-27
107            android:foregroundServiceType="mediaPlayback" />
107-->src\main\AndroidManifest.xml:75:4-49
108
109        <receiver android:name="com.google.android.abdul.protube.NotificationActionService" />
109-->src\main\AndroidManifest.xml:78:3-56
109-->src\main\AndroidManifest.xml:78:13-54
110
111        <activity
111-->[com.unity3d.ads:unity-ads:4.12.2] AndroidManifest.xml:15:9-20:74
112            android:name="com.unity3d.services.ads.adunit.AdUnitActivity"
112-->[com.unity3d.ads:unity-ads:4.12.2] AndroidManifest.xml:16:13-74
113            android:configChanges="fontScale|keyboard|keyboardHidden|locale|mnc|mcc|navigation|orientation|screenLayout|screenSize|smallestScreenSize|uiMode|touchscreen"
113-->[com.unity3d.ads:unity-ads:4.12.2] AndroidManifest.xml:17:13-170
114            android:exported="false"
114-->[com.unity3d.ads:unity-ads:4.12.2] AndroidManifest.xml:18:13-37
115            android:hardwareAccelerated="true"
115-->[com.unity3d.ads:unity-ads:4.12.2] AndroidManifest.xml:19:13-47
116            android:theme="@android:style/Theme.NoTitleBar.Fullscreen" />
116-->[com.unity3d.ads:unity-ads:4.12.2] AndroidManifest.xml:20:13-71
117        <activity
117-->[com.unity3d.ads:unity-ads:4.12.2] AndroidManifest.xml:21:9-26:86
118            android:name="com.unity3d.services.ads.adunit.AdUnitTransparentActivity"
118-->[com.unity3d.ads:unity-ads:4.12.2] AndroidManifest.xml:22:13-85
119            android:configChanges="fontScale|keyboard|keyboardHidden|locale|mnc|mcc|navigation|orientation|screenLayout|screenSize|smallestScreenSize|uiMode|touchscreen"
119-->[com.unity3d.ads:unity-ads:4.12.2] AndroidManifest.xml:23:13-170
120            android:exported="false"
120-->[com.unity3d.ads:unity-ads:4.12.2] AndroidManifest.xml:24:13-37
121            android:hardwareAccelerated="true"
121-->[com.unity3d.ads:unity-ads:4.12.2] AndroidManifest.xml:25:13-47
122            android:theme="@android:style/Theme.Translucent.NoTitleBar.Fullscreen" />
122-->[com.unity3d.ads:unity-ads:4.12.2] AndroidManifest.xml:26:13-83
123        <activity
123-->[com.unity3d.ads:unity-ads:4.12.2] AndroidManifest.xml:27:9-32:86
124            android:name="com.unity3d.services.ads.adunit.AdUnitTransparentSoftwareActivity"
124-->[com.unity3d.ads:unity-ads:4.12.2] AndroidManifest.xml:28:13-93
125            android:configChanges="fontScale|keyboard|keyboardHidden|locale|mnc|mcc|navigation|orientation|screenLayout|screenSize|smallestScreenSize|uiMode|touchscreen"
125-->[com.unity3d.ads:unity-ads:4.12.2] AndroidManifest.xml:29:13-170
126            android:exported="false"
126-->[com.unity3d.ads:unity-ads:4.12.2] AndroidManifest.xml:30:13-37
127            android:hardwareAccelerated="false"
127-->[com.unity3d.ads:unity-ads:4.12.2] AndroidManifest.xml:31:13-48
128            android:theme="@android:style/Theme.Translucent.NoTitleBar.Fullscreen" />
128-->[com.unity3d.ads:unity-ads:4.12.2] AndroidManifest.xml:32:13-83
129        <activity
129-->[com.unity3d.ads:unity-ads:4.12.2] AndroidManifest.xml:33:9-38:74
130            android:name="com.unity3d.services.ads.adunit.AdUnitSoftwareActivity"
130-->[com.unity3d.ads:unity-ads:4.12.2] AndroidManifest.xml:34:13-82
131            android:configChanges="fontScale|keyboard|keyboardHidden|locale|mnc|mcc|navigation|orientation|screenLayout|screenSize|smallestScreenSize|uiMode|touchscreen"
131-->[com.unity3d.ads:unity-ads:4.12.2] AndroidManifest.xml:35:13-170
132            android:exported="false"
132-->[com.unity3d.ads:unity-ads:4.12.2] AndroidManifest.xml:36:13-37
133            android:hardwareAccelerated="false"
133-->[com.unity3d.ads:unity-ads:4.12.2] AndroidManifest.xml:37:13-48
134            android:theme="@android:style/Theme.NoTitleBar.Fullscreen" />
134-->[com.unity3d.ads:unity-ads:4.12.2] AndroidManifest.xml:38:13-71
135        <activity
135-->[com.unity3d.ads:unity-ads:4.12.2] AndroidManifest.xml:39:9-44:74
136            android:name="com.unity3d.ads.adplayer.FullScreenWebViewDisplay"
136-->[com.unity3d.ads:unity-ads:4.12.2] AndroidManifest.xml:40:13-77
137            android:configChanges="fontScale|keyboard|keyboardHidden|locale|mnc|mcc|navigation|orientation|screenLayout|screenSize|smallestScreenSize|uiMode|touchscreen"
137-->[com.unity3d.ads:unity-ads:4.12.2] AndroidManifest.xml:41:13-170
138            android:exported="false"
138-->[com.unity3d.ads:unity-ads:4.12.2] AndroidManifest.xml:42:13-37
139            android:hardwareAccelerated="true"
139-->[com.unity3d.ads:unity-ads:4.12.2] AndroidManifest.xml:43:13-47
140            android:theme="@android:style/Theme.NoTitleBar.Fullscreen" />
140-->[com.unity3d.ads:unity-ads:4.12.2] AndroidManifest.xml:44:13-71
141
142        <provider
142-->[com.unity3d.ads:unity-ads:4.12.2] AndroidManifest.xml:46:9-56:20
143            android:name="androidx.startup.InitializationProvider"
143-->[com.unity3d.ads:unity-ads:4.12.2] AndroidManifest.xml:47:13-67
144            android:authorities="com.google.android.abdul.protube.androidx-startup"
144-->[com.unity3d.ads:unity-ads:4.12.2] AndroidManifest.xml:48:13-68
145            android:exported="false" >
145-->[androidx.work:work-runtime:2.7.0] AndroidManifest.xml:34:13-37
146            <meta-data
146-->[com.unity3d.ads:unity-ads:4.12.2] AndroidManifest.xml:50:13-52:52
147                android:name="androidx.lifecycle.ProcessLifecycleInitializer"
147-->[com.unity3d.ads:unity-ads:4.12.2] AndroidManifest.xml:51:17-78
148                android:value="androidx.startup" />
148-->[com.unity3d.ads:unity-ads:4.12.2] AndroidManifest.xml:52:17-49
149            <meta-data
149-->[com.unity3d.ads:unity-ads:4.12.2] AndroidManifest.xml:53:13-55:52
150                android:name="com.unity3d.services.core.configuration.AdsSdkInitializer"
150-->[com.unity3d.ads:unity-ads:4.12.2] AndroidManifest.xml:54:17-89
151                android:value="androidx.startup" />
151-->[com.unity3d.ads:unity-ads:4.12.2] AndroidManifest.xml:55:17-49
152            <meta-data
152-->[androidx.work:work-runtime:2.7.0] AndroidManifest.xml:36:13-38:52
153                android:name="androidx.work.WorkManagerInitializer"
153-->[androidx.work:work-runtime:2.7.0] AndroidManifest.xml:37:17-68
154                android:value="androidx.startup" />
154-->[androidx.work:work-runtime:2.7.0] AndroidManifest.xml:38:17-49
155            <meta-data
155-->[androidx.profileinstaller:profileinstaller:1.3.0] AndroidManifest.xml:29:13-31:52
156                android:name="androidx.profileinstaller.ProfileInstallerInitializer"
156-->[androidx.profileinstaller:profileinstaller:1.3.0] AndroidManifest.xml:30:17-85
157                android:value="androidx.startup" />
157-->[androidx.profileinstaller:profileinstaller:1.3.0] AndroidManifest.xml:31:17-49
158        </provider>
159
160        <service
160-->[androidx.work:work-runtime:2.7.0] AndroidManifest.xml:41:9-46:35
161            android:name="androidx.work.impl.background.systemalarm.SystemAlarmService"
161-->[androidx.work:work-runtime:2.7.0] AndroidManifest.xml:42:13-88
162            android:directBootAware="false"
162-->[androidx.work:work-runtime:2.7.0] AndroidManifest.xml:43:13-44
163            android:enabled="@bool/enable_system_alarm_service_default"
163-->[androidx.work:work-runtime:2.7.0] AndroidManifest.xml:44:13-72
164            android:exported="false" />
164-->[androidx.work:work-runtime:2.7.0] AndroidManifest.xml:45:13-37
165        <service
165-->[androidx.work:work-runtime:2.7.0] AndroidManifest.xml:47:9-53:35
166            android:name="androidx.work.impl.background.systemjob.SystemJobService"
166-->[androidx.work:work-runtime:2.7.0] AndroidManifest.xml:48:13-84
167            android:directBootAware="false"
167-->[androidx.work:work-runtime:2.7.0] AndroidManifest.xml:49:13-44
168            android:enabled="@bool/enable_system_job_service_default"
168-->[androidx.work:work-runtime:2.7.0] AndroidManifest.xml:50:13-70
169            android:exported="true"
169-->[androidx.work:work-runtime:2.7.0] AndroidManifest.xml:51:13-36
170            android:permission="android.permission.BIND_JOB_SERVICE" />
170-->[androidx.work:work-runtime:2.7.0] AndroidManifest.xml:52:13-69
171        <service
171-->[androidx.work:work-runtime:2.7.0] AndroidManifest.xml:54:9-59:35
172            android:name="androidx.work.impl.foreground.SystemForegroundService"
172-->[androidx.work:work-runtime:2.7.0] AndroidManifest.xml:55:13-81
173            android:directBootAware="false"
173-->[androidx.work:work-runtime:2.7.0] AndroidManifest.xml:56:13-44
174            android:enabled="@bool/enable_system_foreground_service_default"
174-->[androidx.work:work-runtime:2.7.0] AndroidManifest.xml:57:13-77
175            android:exported="false" />
175-->[androidx.work:work-runtime:2.7.0] AndroidManifest.xml:58:13-37
176
177        <receiver
177-->[androidx.work:work-runtime:2.7.0] AndroidManifest.xml:61:9-66:35
178            android:name="androidx.work.impl.utils.ForceStopRunnable$BroadcastReceiver"
178-->[androidx.work:work-runtime:2.7.0] AndroidManifest.xml:62:13-88
179            android:directBootAware="false"
179-->[androidx.work:work-runtime:2.7.0] AndroidManifest.xml:63:13-44
180            android:enabled="true"
180-->[androidx.work:work-runtime:2.7.0] AndroidManifest.xml:64:13-35
181            android:exported="false" />
181-->[androidx.work:work-runtime:2.7.0] AndroidManifest.xml:65:13-37
182        <receiver
182-->[androidx.work:work-runtime:2.7.0] AndroidManifest.xml:67:9-77:20
183            android:name="androidx.work.impl.background.systemalarm.ConstraintProxy$BatteryChargingProxy"
183-->[androidx.work:work-runtime:2.7.0] AndroidManifest.xml:68:13-106
184            android:directBootAware="false"
184-->[androidx.work:work-runtime:2.7.0] AndroidManifest.xml:69:13-44
185            android:enabled="false"
185-->[androidx.work:work-runtime:2.7.0] AndroidManifest.xml:70:13-36
186            android:exported="false" >
186-->[androidx.work:work-runtime:2.7.0] AndroidManifest.xml:71:13-37
187            <intent-filter>
187-->[androidx.work:work-runtime:2.7.0] AndroidManifest.xml:73:13-76:29
188                <action android:name="android.intent.action.ACTION_POWER_CONNECTED" />
188-->[androidx.work:work-runtime:2.7.0] AndroidManifest.xml:74:17-87
188-->[androidx.work:work-runtime:2.7.0] AndroidManifest.xml:74:25-84
189                <action android:name="android.intent.action.ACTION_POWER_DISCONNECTED" />
189-->[androidx.work:work-runtime:2.7.0] AndroidManifest.xml:75:17-90
189-->[androidx.work:work-runtime:2.7.0] AndroidManifest.xml:75:25-87
190            </intent-filter>
191        </receiver>
192        <receiver
192-->[androidx.work:work-runtime:2.7.0] AndroidManifest.xml:78:9-88:20
193            android:name="androidx.work.impl.background.systemalarm.ConstraintProxy$BatteryNotLowProxy"
193-->[androidx.work:work-runtime:2.7.0] AndroidManifest.xml:79:13-104
194            android:directBootAware="false"
194-->[androidx.work:work-runtime:2.7.0] AndroidManifest.xml:80:13-44
195            android:enabled="false"
195-->[androidx.work:work-runtime:2.7.0] AndroidManifest.xml:81:13-36
196            android:exported="false" >
196-->[androidx.work:work-runtime:2.7.0] AndroidManifest.xml:82:13-37
197            <intent-filter>
197-->[androidx.work:work-runtime:2.7.0] AndroidManifest.xml:84:13-87:29
198                <action android:name="android.intent.action.BATTERY_OKAY" />
198-->[androidx.work:work-runtime:2.7.0] AndroidManifest.xml:85:17-77
198-->[androidx.work:work-runtime:2.7.0] AndroidManifest.xml:85:25-74
199                <action android:name="android.intent.action.BATTERY_LOW" />
199-->[androidx.work:work-runtime:2.7.0] AndroidManifest.xml:86:17-76
199-->[androidx.work:work-runtime:2.7.0] AndroidManifest.xml:86:25-73
200            </intent-filter>
201        </receiver>
202        <receiver
202-->[androidx.work:work-runtime:2.7.0] AndroidManifest.xml:89:9-99:20
203            android:name="androidx.work.impl.background.systemalarm.ConstraintProxy$StorageNotLowProxy"
203-->[androidx.work:work-runtime:2.7.0] AndroidManifest.xml:90:13-104
204            android:directBootAware="false"
204-->[androidx.work:work-runtime:2.7.0] AndroidManifest.xml:91:13-44
205            android:enabled="false"
205-->[androidx.work:work-runtime:2.7.0] AndroidManifest.xml:92:13-36
206            android:exported="false" >
206-->[androidx.work:work-runtime:2.7.0] AndroidManifest.xml:93:13-37
207            <intent-filter>
207-->[androidx.work:work-runtime:2.7.0] AndroidManifest.xml:95:13-98:29
208                <action android:name="android.intent.action.DEVICE_STORAGE_LOW" />
208-->[androidx.work:work-runtime:2.7.0] AndroidManifest.xml:96:17-83
208-->[androidx.work:work-runtime:2.7.0] AndroidManifest.xml:96:25-80
209                <action android:name="android.intent.action.DEVICE_STORAGE_OK" />
209-->[androidx.work:work-runtime:2.7.0] AndroidManifest.xml:97:17-82
209-->[androidx.work:work-runtime:2.7.0] AndroidManifest.xml:97:25-79
210            </intent-filter>
211        </receiver>
212        <receiver
212-->[androidx.work:work-runtime:2.7.0] AndroidManifest.xml:100:9-109:20
213            android:name="androidx.work.impl.background.systemalarm.ConstraintProxy$NetworkStateProxy"
213-->[androidx.work:work-runtime:2.7.0] AndroidManifest.xml:101:13-103
214            android:directBootAware="false"
214-->[androidx.work:work-runtime:2.7.0] AndroidManifest.xml:102:13-44
215            android:enabled="false"
215-->[androidx.work:work-runtime:2.7.0] AndroidManifest.xml:103:13-36
216            android:exported="false" >
216-->[androidx.work:work-runtime:2.7.0] AndroidManifest.xml:104:13-37
217            <intent-filter>
217-->[androidx.work:work-runtime:2.7.0] AndroidManifest.xml:106:13-108:29
218                <action android:name="android.net.conn.CONNECTIVITY_CHANGE" />
218-->[androidx.work:work-runtime:2.7.0] AndroidManifest.xml:107:17-79
218-->[androidx.work:work-runtime:2.7.0] AndroidManifest.xml:107:25-76
219            </intent-filter>
220        </receiver>
221        <receiver
221-->[androidx.work:work-runtime:2.7.0] AndroidManifest.xml:110:9-121:20
222            android:name="androidx.work.impl.background.systemalarm.RescheduleReceiver"
222-->[androidx.work:work-runtime:2.7.0] AndroidManifest.xml:111:13-88
223            android:directBootAware="false"
223-->[androidx.work:work-runtime:2.7.0] AndroidManifest.xml:112:13-44
224            android:enabled="false"
224-->[androidx.work:work-runtime:2.7.0] AndroidManifest.xml:113:13-36
225            android:exported="false" >
225-->[androidx.work:work-runtime:2.7.0] AndroidManifest.xml:114:13-37
226            <intent-filter>
226-->[androidx.work:work-runtime:2.7.0] AndroidManifest.xml:116:13-120:29
227                <action android:name="android.intent.action.BOOT_COMPLETED" />
227-->[androidx.work:work-runtime:2.7.0] AndroidManifest.xml:117:17-79
227-->[androidx.work:work-runtime:2.7.0] AndroidManifest.xml:117:25-76
228                <action android:name="android.intent.action.TIME_SET" />
228-->[androidx.work:work-runtime:2.7.0] AndroidManifest.xml:118:17-73
228-->[androidx.work:work-runtime:2.7.0] AndroidManifest.xml:118:25-70
229                <action android:name="android.intent.action.TIMEZONE_CHANGED" />
229-->[androidx.work:work-runtime:2.7.0] AndroidManifest.xml:119:17-81
229-->[androidx.work:work-runtime:2.7.0] AndroidManifest.xml:119:25-78
230            </intent-filter>
231        </receiver>
232        <receiver
232-->[androidx.work:work-runtime:2.7.0] AndroidManifest.xml:122:9-131:20
233            android:name="androidx.work.impl.background.systemalarm.ConstraintProxyUpdateReceiver"
233-->[androidx.work:work-runtime:2.7.0] AndroidManifest.xml:123:13-99
234            android:directBootAware="false"
234-->[androidx.work:work-runtime:2.7.0] AndroidManifest.xml:124:13-44
235            android:enabled="@bool/enable_system_alarm_service_default"
235-->[androidx.work:work-runtime:2.7.0] AndroidManifest.xml:125:13-72
236            android:exported="false" >
236-->[androidx.work:work-runtime:2.7.0] AndroidManifest.xml:126:13-37
237            <intent-filter>
237-->[androidx.work:work-runtime:2.7.0] AndroidManifest.xml:128:13-130:29
238                <action android:name="androidx.work.impl.background.systemalarm.UpdateProxies" />
238-->[androidx.work:work-runtime:2.7.0] AndroidManifest.xml:129:17-98
238-->[androidx.work:work-runtime:2.7.0] AndroidManifest.xml:129:25-95
239            </intent-filter>
240        </receiver>
241        <receiver
241-->[androidx.work:work-runtime:2.7.0] AndroidManifest.xml:132:9-142:20
242            android:name="androidx.work.impl.diagnostics.DiagnosticsReceiver"
242-->[androidx.work:work-runtime:2.7.0] AndroidManifest.xml:133:13-78
243            android:directBootAware="false"
243-->[androidx.work:work-runtime:2.7.0] AndroidManifest.xml:134:13-44
244            android:enabled="true"
244-->[androidx.work:work-runtime:2.7.0] AndroidManifest.xml:135:13-35
245            android:exported="true"
245-->[androidx.work:work-runtime:2.7.0] AndroidManifest.xml:136:13-36
246            android:permission="android.permission.DUMP" >
246-->[androidx.work:work-runtime:2.7.0] AndroidManifest.xml:137:13-57
247            <intent-filter>
247-->[androidx.work:work-runtime:2.7.0] AndroidManifest.xml:139:13-141:29
248                <action android:name="androidx.work.diagnostics.REQUEST_DIAGNOSTICS" />
248-->[androidx.work:work-runtime:2.7.0] AndroidManifest.xml:140:17-88
248-->[androidx.work:work-runtime:2.7.0] AndroidManifest.xml:140:25-85
249            </intent-filter>
250        </receiver>
251
252        <activity
252-->[com.google.android.gms:play-services-base:18.0.1] AndroidManifest.xml:20:9-22:45
253            android:name="com.google.android.gms.common.api.GoogleApiActivity"
253-->[com.google.android.gms:play-services-base:18.0.1] AndroidManifest.xml:20:19-85
254            android:exported="false"
254-->[com.google.android.gms:play-services-base:18.0.1] AndroidManifest.xml:22:19-43
255            android:theme="@android:style/Theme.Translucent.NoTitleBar" />
255-->[com.google.android.gms:play-services-base:18.0.1] AndroidManifest.xml:21:19-78
256
257        <meta-data
257-->[com.google.android.gms:play-services-basement:18.0.0] AndroidManifest.xml:21:9-23:69
258            android:name="com.google.android.gms.version"
258-->[com.google.android.gms:play-services-basement:18.0.0] AndroidManifest.xml:22:13-58
259            android:value="@integer/google_play_services_version" />
259-->[com.google.android.gms:play-services-basement:18.0.0] AndroidManifest.xml:23:13-66
260
261        <receiver
261-->[androidx.profileinstaller:profileinstaller:1.3.0] AndroidManifest.xml:34:9-52:20
262            android:name="androidx.profileinstaller.ProfileInstallReceiver"
262-->[androidx.profileinstaller:profileinstaller:1.3.0] AndroidManifest.xml:35:13-76
263            android:directBootAware="false"
263-->[androidx.profileinstaller:profileinstaller:1.3.0] AndroidManifest.xml:36:13-44
264            android:enabled="true"
264-->[androidx.profileinstaller:profileinstaller:1.3.0] AndroidManifest.xml:37:13-35
265            android:exported="true"
265-->[androidx.profileinstaller:profileinstaller:1.3.0] AndroidManifest.xml:38:13-36
266            android:permission="android.permission.DUMP" >
266-->[androidx.profileinstaller:profileinstaller:1.3.0] AndroidManifest.xml:39:13-57
267            <intent-filter>